<?xml version="1.0" encoding="UTF-8"?>
<!-- Generated by org.testng.reporters.JUnitReportReporter -->
<testsuite hostname="ANIRUDH" failures="0" tests="4" name="lambdatestjava.LambdaTestJava" time="23.159" errors="0" timestamp="2022-10-19T18:12:13 IST" skipped="0">
  <testcase classname="lambdatestjava.LambdaTestJava" name="testScenario1" time="5.548"/>
  <system-out/>
  <testcase classname="lambdatestjava.LambdaTestJava" name="testScenario1" time="6.142"/>
  <system-out/>
  <testcase classname="lambdatestjava.LambdaTestJava" name="testScenario1" time="5.632"/>
  <system-out/>
  <testcase classname="lambdatestjava.LambdaTestJava" name="testScenario1" time="5.837"/>
  <system-out/>
</testsuite> <!-- lambdatestjava.LambdaTestJava -->
